This file contains any messages produced by compilers while
running configure, to aid debugging if configure makes a mistake.

It was created by finestructure configure 0.0.4, which was
generated by GNU Autoconf 2.69.  Invocation command line was

  $ ./configure 

## --------- ##
## Platform. ##
## --------- ##

hostname = Milans-MacBook-Pro.local
uname -m = x86_64
uname -r = 13.4.0
uname -s = Darwin
uname -v = Darwin Kernel Version 13.4.0: Mon Jan 11 18:17:34 PST 2016; root:xnu-2422.115.15~1/RELEASE_X86_64

/usr/bin/uname -p = i386
/bin/uname -X     = unknown

/bin/arch              = unknown
/usr/bin/arch -k       = unknown
/usr/convex/getsysinfo = unknown
/usr/bin/hostinfo      = Mach kernel version:
	 Darwin Kernel Version 13.4.0: Mon Jan 11 18:17:34 PST 2016; root:xnu-2422.115.15~1/RELEASE_X86_64
Kernel configured for up to 8 processors.
4 processors are physically available.
8 processors are logically available.
Processor type: i486 (Intel 80486)
Processors active: 0 1 2 3 4 5 6 7
Primary memory available: 16.00 gigabytes
Default processor set: 299 tasks, 1562 threads, 8 processors
Load average: 1.45, Mach factor: 6.54
/bin/machine           = unknown
/usr/bin/oslevel       = unknown
/bin/universe          = unknown

PATH: /opt/local/bin
PATH: /opt/local/sbin
PATH: /opt/local/bin
PATH: /opt/local/sbin
PATH: /Users/milanmalinsky/clang_OpenMP/llvm/build/Debug+Asserts/bin
PATH: /Users/milanmalinsky/Sanger_work/programs/tophat-2.0.14.OSX_x86_64
PATH: /Users/milanmalinsky/Sanger_work/programs/bowtie2-2.2.5/
PATH: /Users/milanmalinsky/Sanger_work/programs/samtools-1.2
PATH: /Users/milanmalinsky/Sanger_work/programs/bwa-0.7.12
PATH: /Users/milanmalinsky/Work/programs/BEDTools-Version-2.16.2/bin
PATH: /Users/milanmalinsky/Sanger_work/programs/wxWidgets-3.0.0/build-cocoa-debug/
PATH: /Users/milanmalinsky/Sanger_work/programs/vcftools_0.1.12a/bin/
PATH: /Users/milanmalinsky/bin/x86_64
PATH: /Users/milanmalinsky/Sanger_work/sga_git_direct/sga/src/bin
PATH: /Users/milanmalinsky/Sanger_work/sga_git_direct/sga/src/Build/SGA
PATH: /Users/milanmalinsky/Work/programs/bowtie2-2.0.0-beta5/
PATH: /Users/milanmalinsky/Work/programs/bin/
PATH: /Users/milanmalinsky/Work/cichlid_miRNA_identify/code/
PATH: /usr/bin
PATH: /bin
PATH: /usr/sbin
PATH: /sbin
PATH: /usr/local/bin
PATH: /opt/X11/bin
PATH: /Library/TeX/texbin
PATH: /Users/milanmalinsky/Work/programs/bowtie-0.12.7/
PATH: /Users/milanmalinsky/Work/programs/mirdeep2.0.0.5/
PATH: /Users/milanmalinsky/Work/programs/randfold-2.0/
PATH: /Users/milanmalinsky/Work/programs/blast-2.2.26/bin/
PATH: /Users/milanmalinsky/Sanger_work/programs/multiz-tba.012109
PATH: /Users/milanmalinsky/Sanger_work/process_vcf/process_vcf/Build
PATH: /Users/milanmalinsky/bin/ghostscript


## ----------- ##
## Core tests. ##
## ----------- ##

configure:2214: checking for a BSD-compatible install
configure:2282: result: /usr/bin/install -c
configure:2293: checking whether build environment is sane
configure:2348: result: yes
configure:2386: WARNING: 'missing' script is too old or missing
configure:2499: checking for a thread-safe mkdir -p
configure:2538: result: config/install-sh -c -d
configure:2545: checking for gawk
configure:2575: result: no
configure:2545: checking for mawk
configure:2575: result: no
configure:2545: checking for nawk
configure:2575: result: no
configure:2545: checking for awk
configure:2561: found /usr/bin/awk
configure:2572: result: awk
configure:2583: checking whether make sets $(MAKE)
configure:2605: result: yes
configure:2634: checking whether make supports nested variables
configure:2651: result: yes
configure:2835: checking for g++
configure:2851: found /usr/bin/g++
configure:2862: result: g++
configure:2889: checking for C++ compiler version
configure:2898: g++ --version >&5
Apple LLVM version 6.0 (clang-600.0.56) (based on LLVM 3.5svn)
Target: x86_64-apple-darwin13.4.0
Thread model: posix
Configured with: --prefix=/Applications/Xcode.app/Contents/Developer/usr --with-gxx-include-dir=/Applications/Xcode.app/Contents/Developer/Platforms/MacOSX.platform/Developer/SDKs/MacOSX10.10.sdk/usr/include/c++/4.2.1
configure:2909: $? = 0
configure:2898: g++ -v >&5
Configured with: --prefix=/Applications/Xcode.app/Contents/Developer/usr --with-gxx-include-dir=/Applications/Xcode.app/Contents/Developer/Platforms/MacOSX.platform/Developer/SDKs/MacOSX10.10.sdk/usr/include/c++/4.2.1
Apple LLVM version 6.0 (clang-600.0.56) (based on LLVM 3.5svn)
Target: x86_64-apple-darwin13.4.0
Thread model: posix
configure:2909: $? = 0
configure:2898: g++ -V >&5
clang: error: argument to '-V' is missing (expected 1 value)
clang: error: no input files
configure:2909: $? = 1
configure:2898: g++ -qversion >&5
clang: error: unknown argument: '-qversion'
clang: error: no input files
configure:2909: $? = 1
configure:2929: checking whether the C++ compiler works
configure:2951: g++    conftest.cpp  >&5
configure:2955: $? = 0
configure:3003: result: yes
configure:3006: checking for C++ compiler default output file name
configure:3008: result: a.out
configure:3014: checking for suffix of executables
configure:3021: g++ -o conftest    conftest.cpp  >&5
configure:3025: $? = 0
configure:3047: result: 
configure:3069: checking whether we are cross compiling
configure:3077: g++ -o conftest    conftest.cpp  >&5
configure:3081: $? = 0
configure:3088: ./conftest
configure:3092: $? = 0
configure:3107: result: no
configure:3112: checking for suffix of object files
configure:3134: g++ -c   conftest.cpp >&5
configure:3138: $? = 0
configure:3159: result: o
configure:3163: checking whether we are using the GNU C++ compiler
configure:3182: g++ -c   conftest.cpp >&5
configure:3182: $? = 0
configure:3191: result: yes
configure:3200: checking whether g++ accepts -g
configure:3220: g++ -c -g  conftest.cpp >&5
configure:3220: $? = 0
configure:3261: result: yes
configure:3295: checking for style of include used by make
configure:3323: result: GNU
configure:3349: checking dependency style of g++
configure:3460: result: gcc3
configure:3528: checking for gcc
configure:3544: found /usr/bin/gcc
configure:3555: result: gcc
configure:3784: checking for C compiler version
configure:3793: gcc --version >&5
Apple LLVM version 6.0 (clang-600.0.56) (based on LLVM 3.5svn)
Target: x86_64-apple-darwin13.4.0
Thread model: posix
Configured with: --prefix=/Applications/Xcode.app/Contents/Developer/usr --with-gxx-include-dir=/Applications/Xcode.app/Contents/Developer/Platforms/MacOSX.platform/Developer/SDKs/MacOSX10.10.sdk/usr/include/c++/4.2.1
configure:3804: $? = 0
configure:3793: gcc -v >&5
Configured with: --prefix=/Applications/Xcode.app/Contents/Developer/usr --with-gxx-include-dir=/Applications/Xcode.app/Contents/Developer/Platforms/MacOSX.platform/Developer/SDKs/MacOSX10.10.sdk/usr/include/c++/4.2.1
Apple LLVM version 6.0 (clang-600.0.56) (based on LLVM 3.5svn)
Target: x86_64-apple-darwin13.4.0
Thread model: posix
configure:3804: $? = 0
configure:3793: gcc -V >&5
clang: error: argument to '-V' is missing (expected 1 value)
clang: error: no input files
configure:3804: $? = 1
configure:3793: gcc -qversion >&5
clang: error: unknown argument: '-qversion'
clang: error: no input files
configure:3804: $? = 1
configure:3808: checking whether we are using the GNU C compiler
configure:3827: gcc -c   conftest.c >&5
configure:3827: $? = 0
configure:3836: result: yes
configure:3845: checking whether gcc accepts -g
configure:3865: gcc -c -g  conftest.c >&5
configure:3865: $? = 0
configure:3906: result: yes
configure:3923: checking for gcc option to accept ISO C89
configure:3986: gcc  -c -g -O2  conftest.c >&5
configure:3986: $? = 0
configure:3999: result: none needed
configure:4024: checking whether gcc understands -c and -o together
configure:4046: gcc -c conftest.c -o conftest2.o
configure:4049: $? = 0
configure:4046: gcc -c conftest.c -o conftest2.o
configure:4049: $? = 0
configure:4061: result: yes
configure:4080: checking dependency style of gcc
configure:4191: result: gcc3
configure:4243: checking for gsl-config
configure:4261: found /usr/local/bin/gsl-config
configure:4274: result: /usr/local/bin/gsl-config
configure:4283: checking for GSL - version >= 0.2.5
configure:4377: gcc -o conftest -g -O2 -I/usr/local/include   conftest.c  -L/usr/local/lib -lgsl -lgslcblas >&5
configure:4377: $? = 0
configure:4377: ./conftest
configure:4377: $? = 0
configure:4391: result: yes
configure:4461: checking how to run the C preprocessor
configure:4492: gcc -E  conftest.c
configure:4492: $? = 0
configure:4506: gcc -E  conftest.c
conftest.c:11:10: fatal error: 'ac_nonexistent.h' file not found
#include <ac_nonexistent.h>
         ^
1 error generated.
configure:4506: $? = 1
configure: failed program was:
| /* confdefs.h */
| #define PACKAGE_NAME "finestructure"
| #define PACKAGE_TARNAME "finestructure"
| #define PACKAGE_VERSION "0.0.4"
| #define PACKAGE_STRING "finestructure 0.0.4"
| #define PACKAGE_BUGREPORT "dan.lawson@bristol.ac.uk"
| #define PACKAGE_URL ""
| #define PACKAGE "finestructure"
| #define VERSION "0.0.4"
| /* end confdefs.h.  */
| #include <ac_nonexistent.h>
configure:4531: result: gcc -E
configure:4551: gcc -E  conftest.c
configure:4551: $? = 0
configure:4565: gcc -E  conftest.c
conftest.c:11:10: fatal error: 'ac_nonexistent.h' file not found
#include <ac_nonexistent.h>
         ^
1 error generated.
configure:4565: $? = 1
configure: failed program was:
| /* confdefs.h */
| #define PACKAGE_NAME "finestructure"
| #define PACKAGE_TARNAME "finestructure"
| #define PACKAGE_VERSION "0.0.4"
| #define PACKAGE_STRING "finestructure 0.0.4"
| #define PACKAGE_BUGREPORT "dan.lawson@bristol.ac.uk"
| #define PACKAGE_URL ""
| #define PACKAGE "finestructure"
| #define VERSION "0.0.4"
| /* end confdefs.h.  */
| #include <ac_nonexistent.h>
configure:4594: checking for grep that handles long lines and -e
configure:4652: result: /usr/bin/grep
configure:4657: checking for egrep
configure:4719: result: /usr/bin/grep -E
configure:4724: checking for ANSI C header files
configure:4744: gcc -c -g -O2  conftest.c >&5
configure:4744: $? = 0
configure:4817: gcc -o conftest -g -O2   conftest.c  >&5
configure:4817: $? = 0
configure:4817: ./conftest
configure:4817: $? = 0
configure:4828: result: yes
configure:4841: checking for sys/types.h
configure:4841: gcc -c -g -O2  conftest.c >&5
configure:4841: $? = 0
configure:4841: result: yes
configure:4841: checking for sys/stat.h
configure:4841: gcc -c -g -O2  conftest.c >&5
configure:4841: $? = 0
configure:4841: result: yes
configure:4841: checking for stdlib.h
configure:4841: gcc -c -g -O2  conftest.c >&5
configure:4841: $? = 0
configure:4841: result: yes
configure:4841: checking for string.h
configure:4841: gcc -c -g -O2  conftest.c >&5
configure:4841: $? = 0
configure:4841: result: yes
configure:4841: checking for memory.h
configure:4841: gcc -c -g -O2  conftest.c >&5
configure:4841: $? = 0
configure:4841: result: yes
configure:4841: checking for strings.h
configure:4841: gcc -c -g -O2  conftest.c >&5
configure:4841: $? = 0
configure:4841: result: yes
configure:4841: checking for inttypes.h
configure:4841: gcc -c -g -O2  conftest.c >&5
configure:4841: $? = 0
configure:4841: result: yes
configure:4841: checking for stdint.h
configure:4841: gcc -c -g -O2  conftest.c >&5
configure:4841: $? = 0
configure:4841: result: yes
configure:4841: checking for unistd.h
configure:4841: gcc -c -g -O2  conftest.c >&5
configure:4841: $? = 0
configure:4841: result: yes
configure:4853: checking for stdbool.h that conforms to C99
configure:4920: gcc -c -g -O2  conftest.c >&5
configure:4920: $? = 0
configure:4927: result: yes
configure:4929: checking for _Bool
configure:4929: gcc -c -g -O2  conftest.c >&5
configure:4929: $? = 0
configure:4929: gcc -c -g -O2  conftest.c >&5
conftest.c:57:20: error: expected expression
if (sizeof ((_Bool)))
                   ^
1 error generated.
configure:4929: $? = 1
configure: failed program was:
| /* confdefs.h */
| #define PACKAGE_NAME "finestructure"
| #define PACKAGE_TARNAME "finestructure"
| #define PACKAGE_VERSION "0.0.4"
| #define PACKAGE_STRING "finestructure 0.0.4"
| #define PACKAGE_BUGREPORT "dan.lawson@bristol.ac.uk"
| #define PACKAGE_URL ""
| #define PACKAGE "finestructure"
| #define VERSION "0.0.4"
| #define STDC_HEADERS 1
| #define HAVE_SYS_TYPES_H 1
| #define HAVE_SYS_STAT_H 1
| #define HAVE_STDLIB_H 1
| #define HAVE_STRING_H 1
| #define HAVE_MEMORY_H 1
| #define HAVE_STRINGS_H 1
| #define HAVE_INTTYPES_H 1
| #define HAVE_STDINT_H 1
| #define HAVE_UNISTD_H 1
| /* end confdefs.h.  */
| #include <stdio.h>
| #ifdef HAVE_SYS_TYPES_H
| # include <sys/types.h>
| #endif
| #ifdef HAVE_SYS_STAT_H
| # include <sys/stat.h>
| #endif
| #ifdef STDC_HEADERS
| # include <stdlib.h>
| # include <stddef.h>
| #else
| # ifdef HAVE_STDLIB_H
| #  include <stdlib.h>
| # endif
| #endif
| #ifdef HAVE_STRING_H
| # if !defined STDC_HEADERS && defined HAVE_MEMORY_H
| #  include <memory.h>
| # endif
| # include <string.h>
| #endif
| #ifdef HAVE_STRINGS_H
| # include <strings.h>
| #endif
| #ifdef HAVE_INTTYPES_H
| # include <inttypes.h>
| #endif
| #ifdef HAVE_STDINT_H
| # include <stdint.h>
| #endif
| #ifdef HAVE_UNISTD_H
| # include <unistd.h>
| #endif
| int
| main ()
| {
| if (sizeof ((_Bool)))
| 	    return 0;
|   ;
|   return 0;
| }
configure:4929: result: yes
configure:4946: checking for inline
configure:4962: gcc -c -g -O2  conftest.c >&5
configure:4962: $? = 0
configure:4970: result: inline
configure:4993: checking for floor
configure:4993: gcc -o conftest -g -O2   conftest.c  >&5
conftest.c:46:6: warning: incompatible redeclaration of library function 'floor' [-Wincompatible-library-redeclaration]
char floor ();
     ^
conftest.c:46:6: note: 'floor' is a builtin with type 'double (double)'
1 warning generated.
configure:4993: $? = 0
configure:4993: result: yes
configure:4993: checking for pow
configure:4993: gcc -o conftest -g -O2   conftest.c  >&5
conftest.c:47:6: warning: incompatible redeclaration of library function 'pow' [-Wincompatible-library-redeclaration]
char pow ();
     ^
conftest.c:47:6: note: 'pow' is a builtin with type 'double (double, double)'
1 warning generated.
configure:4993: $? = 0
configure:4993: result: yes
configure:5150: checking that generated files are newer than configure
configure:5156: result: done
configure:5183: creating ./config.status

## ---------------------- ##
## Running config.status. ##
## ---------------------- ##

This file was extended by finestructure config.status 0.0.4, which was
generated by GNU Autoconf 2.69.  Invocation command line was

  CONFIG_FILES    = 
  CONFIG_HEADERS  = 
  CONFIG_LINKS    = 
  CONFIG_COMMANDS = 
  $ ./config.status 

on Milans-MacBook-Pro.local

config.status:786: creating Makefile
config.status:958: executing depfiles commands

## ---------------- ##
## Cache variables. ##
## ---------------- ##

ac_cv_c_compiler_gnu=yes
ac_cv_c_inline=inline
ac_cv_cxx_compiler_gnu=yes
ac_cv_env_CCC_set=
ac_cv_env_CCC_value=
ac_cv_env_CC_set=
ac_cv_env_CC_value=
ac_cv_env_CFLAGS_set=
ac_cv_env_CFLAGS_value=
ac_cv_env_CPPFLAGS_set=
ac_cv_env_CPPFLAGS_value=
ac_cv_env_CPP_set=
ac_cv_env_CPP_value=
ac_cv_env_CXXFLAGS_set=
ac_cv_env_CXXFLAGS_value=
ac_cv_env_CXX_set=
ac_cv_env_CXX_value=
ac_cv_env_LDFLAGS_set=
ac_cv_env_LDFLAGS_value=
ac_cv_env_LIBS_set=
ac_cv_env_LIBS_value=
ac_cv_env_build_alias_set=
ac_cv_env_build_alias_value=
ac_cv_env_host_alias_set=
ac_cv_env_host_alias_value=
ac_cv_env_target_alias_set=
ac_cv_env_target_alias_value=
ac_cv_func_floor=yes
ac_cv_func_pow=yes
ac_cv_header_inttypes_h=yes
ac_cv_header_memory_h=yes
ac_cv_header_stdbool_h=yes
ac_cv_header_stdc=yes
ac_cv_header_stdint_h=yes
ac_cv_header_stdlib_h=yes
ac_cv_header_string_h=yes
ac_cv_header_strings_h=yes
ac_cv_header_sys_stat_h=yes
ac_cv_header_sys_types_h=yes
ac_cv_header_unistd_h=yes
ac_cv_objext=o
ac_cv_path_EGREP='/usr/bin/grep -E'
ac_cv_path_GREP=/usr/bin/grep
ac_cv_path_GSL_CONFIG=/usr/local/bin/gsl-config
ac_cv_path_install='/usr/bin/install -c'
ac_cv_prog_AWK=awk
ac_cv_prog_CPP='gcc -E'
ac_cv_prog_ac_ct_CC=gcc
ac_cv_prog_ac_ct_CXX=g++
ac_cv_prog_cc_c89=
ac_cv_prog_cc_g=yes
ac_cv_prog_cxx_g=yes
ac_cv_prog_make_make_set=yes
ac_cv_type__Bool=yes
am_cv_CC_dependencies_compiler_type=gcc3
am_cv_CXX_dependencies_compiler_type=gcc3
am_cv_make_support_nested_variables=yes
am_cv_prog_cc_c_o=yes

## ----------------- ##
## Output variables. ##
## ----------------- ##

ACLOCAL='aclocal-1.14'
AMDEPBACKSLASH='\'
AMDEP_FALSE='#'
AMDEP_TRUE=''
AMTAR='$${TAR-tar}'
AM_BACKSLASH='\'
AM_DEFAULT_V='$(AM_DEFAULT_VERBOSITY)'
AM_DEFAULT_VERBOSITY='1'
AM_V='$(V)'
AUTOCONF='autoconf'
AUTOHEADER='autoheader'
AUTOMAKE='automake-1.14'
AWK='awk'
CC='gcc'
CCDEPMODE='depmode=gcc3'
CFLAGS='-g -O2'
CPP='gcc -E'
CPPFLAGS=''
CXX='g++'
CXXDEPMODE='depmode=gcc3'
CXXFLAGS='-g -O2'
CYGPATH_W='echo'
DEFS='-DPACKAGE_NAME=\"finestructure\" -DPACKAGE_TARNAME=\"finestructure\" -DPACKAGE_VERSION=\"0.0.4\" -DPACKAGE_STRING=\"finestructure\ 0.0.4\" -DPACKAGE_BUGREPORT=\"dan.lawson@bristol.ac.uk\" -DPACKAGE_URL=\"\" -DPACKAGE=\"finestructure\" -DVERSION=\"0.0.4\" -DSTDC_HEADERS=1 -DHAVE_SYS_TYPES_H=1 -DHAVE_SYS_STAT_H=1 -DHAVE_STDLIB_H=1 -DHAVE_STRING_H=1 -DHAVE_MEMORY_H=1 -DHAVE_STRINGS_H=1 -DHAVE_INTTYPES_H=1 -DHAVE_STDINT_H=1 -DHAVE_UNISTD_H=1 -DHAVE__BOOL=1 -DHAVE_STDBOOL_H=1 -DHAVE_FLOOR=1 -DHAVE_POW=1'
DEPDIR='.deps'
ECHO_C='\c'
ECHO_N=''
ECHO_T=''
EGREP='/usr/bin/grep -E'
EXEEXT=''
GREP='/usr/bin/grep'
GSL_CFLAGS='-I/usr/local/include'
GSL_CONFIG='/usr/local/bin/gsl-config'
GSL_LIBS='-L/usr/local/lib -lgsl -lgslcblas'
INSTALL_DATA='${INSTALL} -m 644'
INSTALL_PROGRAM='${INSTALL}'
INSTALL_SCRIPT='${INSTALL}'
INSTALL_STRIP_PROGRAM='$(install_sh) -c -s'
LDFLAGS=''
LIBOBJS=''
LIBS=''
LTLIBOBJS=''
MAKEINFO='makeinfo'
MKDIR_P='config/install-sh -c -d'
OBJEXT='o'
PACKAGE='finestructure'
PACKAGE_BUGREPORT='dan.lawson@bristol.ac.uk'
PACKAGE_NAME='finestructure'
PACKAGE_STRING='finestructure 0.0.4'
PACKAGE_TARNAME='finestructure'
PACKAGE_URL=''
PACKAGE_VERSION='0.0.4'
PATH_SEPARATOR=':'
SET_MAKE=''
SHELL='/bin/sh'
STRIP=''
VERSION='0.0.4'
ac_ct_CC='gcc'
ac_ct_CXX='g++'
am__EXEEXT_FALSE=''
am__EXEEXT_TRUE='#'
am__fastdepCC_FALSE='#'
am__fastdepCC_TRUE=''
am__fastdepCXX_FALSE='#'
am__fastdepCXX_TRUE=''
am__include='include'
am__isrc=''
am__leading_dot='.'
am__nodep='_no'
am__quote=''
am__tar='$${TAR-tar} chof - "$$tardir"'
am__untar='$${TAR-tar} xf -'
bindir='${exec_prefix}/bin'
build_alias=''
datadir='${datarootdir}'
datarootdir='${prefix}/share'
docdir='${datarootdir}/doc/${PACKAGE_TARNAME}'
dvidir='${docdir}'
exec_prefix='${prefix}'
host_alias=''
htmldir='${docdir}'
includedir='${prefix}/include'
infodir='${datarootdir}/info'
install_sh='${SHELL} /Users/milanmalinsky/Sanger_work/fineRADstructure/config/install-sh'
libdir='${exec_prefix}/lib'
libexecdir='${exec_prefix}/libexec'
localedir='${datarootdir}/locale'
localstatedir='${prefix}/var'
mandir='${datarootdir}/man'
mkdir_p='$(MKDIR_P)'
oldincludedir='/usr/include'
pdfdir='${docdir}'
prefix='/usr/local'
program_transform_name='s,x,x,'
psdir='${docdir}'
sbindir='${exec_prefix}/sbin'
sharedstatedir='${prefix}/com'
sysconfdir='${prefix}/etc'
target_alias=''

## ----------- ##
## confdefs.h. ##
## ----------- ##

/* confdefs.h */
#define PACKAGE_NAME "finestructure"
#define PACKAGE_TARNAME "finestructure"
#define PACKAGE_VERSION "0.0.4"
#define PACKAGE_STRING "finestructure 0.0.4"
#define PACKAGE_BUGREPORT "dan.lawson@bristol.ac.uk"
#define PACKAGE_URL ""
#define PACKAGE "finestructure"
#define VERSION "0.0.4"
#define STDC_HEADERS 1
#define HAVE_SYS_TYPES_H 1
#define HAVE_SYS_STAT_H 1
#define HAVE_STDLIB_H 1
#define HAVE_STRING_H 1
#define HAVE_MEMORY_H 1
#define HAVE_STRINGS_H 1
#define HAVE_INTTYPES_H 1
#define HAVE_STDINT_H 1
#define HAVE_UNISTD_H 1
#define HAVE__BOOL 1
#define HAVE_STDBOOL_H 1
#define HAVE_FLOOR 1
#define HAVE_POW 1

configure: exit 0
